[2016-11-07 17:54:44]	Cannot open file 
[2016-11-07 17:54:44]	./file/\Data\KeyBlackList.pdat
[2016-11-07 17:56:38]	Cannot open file 
[2016-11-07 17:56:38]	./file/\Data\KeyBlackList.pdat
[2016-11-07 17:59:39]	Cannot open file 
[2016-11-07 17:59:39]	./file/\Data\KeyBlackList.pdat
[2016-11-07 18:02:49]	Cannot open file 
[2016-11-07 18:02:49]	./file/\Data\KeyBlackList.pdat
[2016-11-07 18:02:49]	Cannot open file 
[2016-11-07 18:02:49]	./file/\Data\KeyBlackList.pdat
[2016-11-07 18:03:30]	Cannot open file 
[2016-11-07 18:03:30]	./file/\Data\KeyBlackList.pdat
[2016-11-07 18:03:30]	Cannot open file 
[2016-11-07 18:03:30]	./file/\Data\KeyBlackList.pdat
[2016-11-07 18:28:47]	Cannot open file 
[2016-11-07 18:28:47]	./file/\Data\KeyBlackList.pdat
[2016-11-07 18:41:17]	Cannot open file 
[2016-11-07 18:41:17]	./file/\Data\KeyBlackList.pdat
[2016-11-07 18:49:13]	Cannot open file 
[2016-11-07 18:49:13]	./file/\Data\KeyBlackList.pdat
[2016-11-07 18:52:06]	Cannot open file 
[2016-11-07 18:52:06]	./file/\Data\KeyBlackList.pdat
[2016-11-07 18:53:12]	open file failed with
[2016-11-07 18:53:12]	open file failed with
[2016-11-07 18:53:12]	./file/\Data\Data\Configure.xml
[2016-11-07 18:53:12]	./file/\Data\DData\Configure.xml
[2016-11-07 18:53:12]	Cannot Open Configure file ./file/\Data\Data\Configure.xml
[2016-11-07 18:53:12]	Cannot Open Configure file ./file/\Data\DData\Configure.xml
[2016-11-07 18:53:12]	Cannot open file 
[2016-11-07 18:53:12]	./file/\Data\KeyBlackList.pdat
[2016-11-07 18:53:12]	Cannot open file 
[2016-11-07 18:53:12]	./file/\Data\KeyBlackList.pdat
[2016-11-07 18:53:45]	Cannot open file 
[2016-11-07 18:53:45]	./file/\Data\KeyBlackList.pdat
[2016-11-07 18:55:44]	Cannot open file 
[2016-11-07 18:55:44]	Cannot open file 
[2016-11-07 18:55:44]	./file/\Data\KeyBlackList.pdat
[2016-11-07 18:55:44]	./file/\Data\KeyBlackList.pdat
