[2017-03-01 09:29:47]	open file failed with
[2017-03-01 09:29:47]	./file/
[2017-03-01 09:29:47]	Cannot Open Configure file ./file/
[2017-03-01 09:29:47]	Cannot open file 
[2017-03-01 09:29:47]	./file/\Data\KeyBlackList.pdat
[2017-03-01 09:30:43]	Cannot open file 
[2017-03-01 09:30:43]	./file/\Data\KeyBlackList.pdat
[2017-03-01 09:37:26]	Cannot open file 
[2017-03-01 09:37:26]	./file/\Data\KeyBlackList.pdat
[2017-03-01 09:38:07]	Cannot open file 
[2017-03-01 09:38:07]	./file/\Data\KeyBlackList.pdat
[2017-03-01 11:27:01]	Cannot open file 
[2017-03-01 11:27:01]	./file/\Data\KeyBlackList.pdat
[2017-03-01 11:30:38]	Cannot open file 
[2017-03-01 11:30:38]	./file/\Data\KeyBlackList.pdat
[2017-03-01 11:37:33]	Cannot open file 
[2017-03-01 11:37:33]	./file/\Data\KeyBlackList.pdat
[2017-03-01 15:27:05]	./file/\Data\Data\Configure.xml
[2017-03-01 15:27:05]	Cannot Open Configure file ./file/\Data\Data\Configure.xml
[2017-03-01 15:27:05]	Cannot open file 
[2017-03-01 15:27:05]	Cannot open file 
[2017-03-01 15:27:05]	Cannot open file 
[2017-03-01 15:27:05]	./file/\Data\KeyBlackList.pdat
[2017-03-01 15:27:05]	./file/\Data\KeyBlackList.pdat
[2017-03-01 15:27:05]	./file/\Data\KeyBlackList.pdat
[2017-03-01 15:32:59]	Cannot open file 
[2017-03-01 15:32:59]	./file/\Data\KeyBlackList.pdat
[2017-03-01 15:32:59]	Cannot open file 
[2017-03-01 15:32:59]	./file/\Data\KeyBlackList.pdat
[2017-03-01 15:35:02]	Cannot open file 
[2017-03-01 15:35:02]	./file/\Data\KeyBlackList.pdat
[2017-03-01 15:37:52]	./file/\Data\NLPIR.userLicense not for system NLPIR
[2017-03-01 15:38:14]	Cannot open file 
[2017-03-01 15:38:14]	./file/\Data\KeyBlackList.pdat
[2017-03-01 15:38:14]	Cannot open file 
[2017-03-01 15:38:14]	./file/\Data\KeyBlackList.pdat
[2017-03-01 16:12:53]	Cannot open file 
[2017-03-01 16:12:53]	./file/\Data\KeyBlackList.pdat
[2017-03-01 16:27:58]	Cannot open file 
[2017-03-01 16:27:58]	./file/\Data\KeyBlackList.pdat
[2017-03-01 16:27:58]	Cannot open file 
[2017-03-01 16:27:58]	./file/\Data\KeyBlackList.pdat
[2017-03-01 16:51:51]	Can not open License file ./file/\Data\Data\NLPIR.user
xml
[2017-03-01 16:51:51]	Cannot open file 
[2017-03-01 16:51:51]	./file/\Data\KeyBlackList.pdat
[2017-03-01 16:52:38]	Cannot open file 
[2017-03-01 16:52:38]	./file/\Data\KeyBlackList.pdat
[2017-03-01 17:07:21]	Cannot open file 
[2017-03-01 17:07:21]	./file/\Data\KeyBlackList.pdat
[2017-03-01 17:07:21]	Cannot open file 
[2017-03-01 17:07:21]	./file/\Data\KeyBlackList.pdat
[2017-03-01 17:43:45]	Cannot open file 
[2017-03-01 17:43:45]	./file/\Data\KeyBlackList.pdat
