#
# A fatal error has been detected by the Java Runtime Environment:
#
#  EXCEPTION_ACCESS_VIOLATION (0xc0000005) at pc=0x000007feee9ac439, pid=8888, tid=5280
#
# JRE version: Java(TM) SE Runtime Environment (8.0_60-b27) (build 1.8.0_60-b27)
# Java VM: Java HotSpot(TM) 64-Bit Server VM (25.60-b23 mixed mode windows-amd64 compressed oops)
# Problematic frame:
# C  [NLPIR.dll+0xc439]
#
# Failed to write core dump. Minidumps are not enabled by default on client versions of Windows
#
# If you would like to submit a bug report, please visit:
#   http://bugreport.java.com/bugreport/crash.jsp
# The crash happened outside the Java Virtual Machine in native code.
# See problematic frame for where to report the bug.
#

---------------  T H R E A D  ---------------

Current thread (0x0000000058963800):  JavaThread "Thread-197" [_thread_in_native, id=5280, stack(0x000000005d5b0000,0x000000005d6b0000)]

siginfo: ExceptionCode=0xc0000005, reading address 0x0000000000000010

Registers:
RAX=0x0000000000000000, RBX=0x0000000000000000, RCX=0x0000000066342960, RDX=0x0000000000000000
RSP=0x000000005d6ae420, RBP=0x0000000000000168, RSI=0x000000000000002f, RDI=0x0000000000000000
R8 =0x0000000000004fda, R9 =0x00000000000125e2, R10=0x00000000000125e1, R11=0x0000000060520040
R12=0x0000000066738570, R13=0x0000000000000000, R14=0x0000000000000000, R15=0x0000000000000000
RIP=0x000007feee9ac439, EFLAGS=0x0000000000010246

Top of Stack: (sp=0x000000005d6ae420)
0x000000005d6ae420:   0000000065781280 0000000000000020
0x000000005d6ae430:   0000000000000568 0000000000000000
0x000000005d6ae440:   000000000000002d 0000000000000000
0x000000005d6ae450:   00000000667e6844 0000000066737e10
0x000000005d6ae460:   00000000000000ea 0000000000000e60
0x000000005d6ae470:   0000000000000002 0000000000000000
0x000000005d6ae480:   0000000000000000 0000000000000000
0x000000005d6ae490:   00000000c23609a8 0000000000000000
0x000000005d6ae4a0:   00000000c236e180 0000000000000000
0x000000005d6ae4b0:   0000000000000002 0000000000000001
0x000000005d6ae4c0:   0000000000000000 0000000000000826
0x000000005d6ae4d0:   0000000000000826 0000000065791cea
0x000000005d6ae4e0:   0000000065791b10 0000000065791dd2
0x000000005d6ae4f0:   0000000065795660 000007feee9ae39e
0x000000005d6ae500:   0000000066342960 00000000667376b0
0x000000005d6ae510:   0000000000000000 00000000667e6790 

Instructions: (pc=0x000007feee9ac439)
0x000007feee9ac419:   00 f2 0f 10 59 40 f2 0f 5c 41 30 f3 0f e6 ed 66
0x000007feee9ac429:   0f 28 cb 48 8b 04 f0 f2 41 0f 59 d8 f2 0f 59 cf
0x000007feee9ac439:   f2 42 0f 10 64 28 10 f2 41 0f 58 e8 f2 0f 58 de
0x000007feee9ac449:   f2 0f 59 69 30 f2 0f 5e eb f2 0f 58 49 38 f2 0f 


Register to memory mapping:

RAX=0x0000000000000000 is an unknown value
RBX=0x0000000000000000 is an unknown value
RCX=0x0000000066342960 is an unknown value
RDX=0x0000000000000000 is an unknown value
RSP=0x000000005d6ae420 is pointing into the stack for thread: 0x0000000058963800
RBP=0x0000000000000168 is an unknown value
RSI=0x000000000000002f is an unknown value
RDI=0x0000000000000000 is an unknown value
R8 =0x0000000000004fda is an unknown value
R9 =0x00000000000125e2 is an unknown value
R10=0x00000000000125e1 is an unknown value
R11=0x0000000060520040 is an unknown value
R12=0x0000000066738570 is an unknown value
R13=0x0000000000000000 is an unknown value
R14=0x0000000000000000 is an unknown value
R15=0x0000000000000000 is an unknown value


Stack: [0x000000005d5b0000,0x000000005d6b0000],  sp=0x000000005d6ae420,  free space=1017k
Native frames: (J=compiled Java code, j=interpreted, Vv=VM code, C=native code)
C  [NLPIR.dll+0xc439]
C  [NLPIR.dll+0xe39e]
C  [NLPIR.dll+0xe653]
C  [NLPIR.dll+0xe86d]
C  [NLPIR.dll+0x9920]
C  [jna3255951619634363714.dll+0x16df3]
C  [jna3255951619634363714.dll+0xf84a]
C  [jna3255951619634363714.dll+0x3c50]
C  [jna3255951619634363714.dll+0x2d17]
C  0x00000000027f5e14

Java frames: (J=compiled Java code, j=interpreted, Vv=VM code)
j  com.sun.jna.Native.invokePointer(JI[Ljava/lang/Object;)J+0
j  com.sun.jna.Function.invokePointer(I[Ljava/lang/Object;)Lcom/sun/jna/Pointer;+6
j  com.sun.jna.Function.invokeString(I[Ljava/lang/Object;Z)Ljava/lang/String;+3
j  com.sun.jna.Function.invoke([Ljava/lang/Object;Ljava/lang/Class;Z)Ljava/lang/Object;+544
j  com.sun.jna.Function.invoke(Ljava/lang/Class;[Ljava/lang/Object;Ljava/util/Map;)Ljava/lang/Object;+214
j  com.sun.jna.Library$Handler.invoke(Ljava/lang/Object;Ljava/lang/reflect/Method;[Ljava/lang/Object;)Ljava/lang/Object;+341
j  com.sun.proxy.$Proxy0.NLPIR_ParagraphProcess(Ljava/lang/String;I)Ljava/lang/String;+23
j  kevin.zhang.Split2.split(Ljava/lang/String;)Ljava/lang/String;+509
j  kevin.zhang.Split2.contentSplit(Ljava/lang/String;)[Ljava/lang/String;+1
j  kevin.zhang.PolicyLaw.score(Ljava/lang/String;)D+10
j  encapsulation.CategoryRelated.getCategoryResult(Ljava/lang/String;)Ljava/lang/String;+7
j  test.TestAllMessage.visit(Lcn/edu/hfut/dmic/webcollector/model/Page;Lcn/edu/hfut/dmic/webcollector/model/CrawlDatums;)V+317
j  cn.edu.hfut.dmic.webcollector.crawler.AutoParseCrawler.execute(Lcn/edu/hfut/dmic/webcollector/model/CrawlDatum;Lcn/edu/hfut/dmic/webcollector/model/CrawlDatums;)V+29
j  cn.edu.hfut.dmic.webcollector.fetcher.Fetcher$FetcherThread.run()V+157
v  ~StubRoutines::call_stub

---------------  P R O C E S S  ---------------

Java Threads: ( => current thread )
  0x0000000061062800 JavaThread "Thread-265" [_thread_in_native, id=4496, stack(0x0000000060aa0000,0x0000000060ba0000)]
  0x00000000589cf000 JavaThread "Thread-256" [_thread_in_Java, id=6756, stack(0x00000000634b0000,0x00000000635b0000)]
  0x0000000057ae3800 JavaThread "Thread-222" [_thread_in_native, id=3600, stack(0x000000005f3f0000,0x000000005f4f0000)]
  0x00000000584d0800 JavaThread "Thread-218" [_thread_in_native, id=8228, stack(0x000000005eec0000,0x000000005efc0000)]
  0x00000000584cd800 JavaThread "Thread-214" [_thread_in_native, id=6440, stack(0x000000005e6e0000,0x000000005e7e0000)]
  0x000000005851d800 JavaThread "Thread-210" [_thread_in_native, id=9696, stack(0x000000005e0f0000,0x000000005e1f0000)]
  0x000000005851a800 JavaThread "Thread-206" [_thread_in_native, id=6056, stack(0x000000005e230000,0x000000005e330000)]
=>0x0000000058963800 JavaThread "Thread-197" [_thread_in_native, id=5280, stack(0x000000005d5b0000,0x000000005d6b0000)]
  0x0000000058960000 JavaThread "Thread-192" [_thread_in_native, id=3168, stack(0x000000005ce80000,0x000000005cf80000)]
  0x0000000058000000 JavaThread "Thread-188" [_thread_in_native, id=1168, stack(0x000000005ca40000,0x000000005cb40000)]
  0x0000000057ffd000 JavaThread "Thread-184" [_thread_in_native, id=9272, stack(0x000000005c530000,0x000000005c630000)]
  0x0000000058802000 JavaThread "Thread-180" [_thread_in_native, id=6472, stack(0x000000005c0d0000,0x000000005c1d0000)]
  0x00000000587ff000 JavaThread "Thread-176" [_thread_in_native, id=6764, stack(0x000000005b700000,0x000000005b800000)]
  0x00000000587fc000 JavaThread "Thread-172" [_thread_in_native, id=4236, stack(0x000000005b3e0000,0x000000005b4e0000)]
  0x0000000057b97800 JavaThread "Thread-168" [_thread_in_native, id=10152, stack(0x000000005b000000,0x000000005b100000)]
  0x0000000057b98000 JavaThread "Thread-164" [_thread_in_native, id=4712, stack(0x000000005a8d0000,0x000000005a9d0000)]
  0x0000000057b9a800 JavaThread "Thread-163" [_thread_in_native, id=2116, stack(0x000000005a6a0000,0x000000005a7a0000)]
  0x0000000057b99000 JavaThread "Thread-162" [_thread_in_native, id=6104, stack(0x000000005a530000,0x000000005a630000)]
  0x0000000057b9c800 JavaThread "Thread-160" [_thread_in_native, id=4904, stack(0x000000005a150000,0x000000005a250000)]
  0x0000000057b9f000 JavaThread "Thread-159" [_thread_in_native, id=7892, stack(0x0000000059330000,0x0000000059430000)]
  0x0000000057b9d800 JavaThread "Thread-158" [_thread_in_native, id=4996, stack(0x0000000059f60000,0x000000005a060000)]
  0x0000000057ba1000 JavaThread "Keep-Alive-Timer" daemon [_thread_blocked, id=7356, stack(0x0000000059670000,0x0000000059770000)]
  0x0000000057f33000 JavaThread "Checkpointer" daemon [_thread_blocked, id=5580, stack(0x0000000059000000,0x0000000059100000)]
  0x0000000057f32800 JavaThread "Cleaner-1" daemon [_thread_blocked, id=7336, stack(0x0000000058e90000,0x0000000058f90000)]
  0x0000000057cba800 JavaThread "INCompressor" daemon [_thread_blocked, id=7928, stack(0x0000000058d20000,0x0000000058e20000)]
  0x0000000056456000 JavaThread "Service Thread" daemon [_thread_blocked, id=9004, stack(0x0000000057170000,0x0000000057270000)]
  0x00000000563e3800 JavaThread "C1 CompilerThread2" daemon [_thread_blocked, id=8492, stack(0x0000000056f70000,0x0000000057070000)]
  0x00000000563da800 JavaThread "C2 CompilerThread1" daemon [_thread_blocked, id=7824, stack(0x0000000056ca0000,0x0000000056da0000)]
  0x00000000563c9800 JavaThread "C2 CompilerThread0" daemon [_thread_in_native, id=4424, stack(0x0000000056b90000,0x0000000056c90000)]
  0x00000000563d3800 JavaThread "Attach Listener" daemon [_thread_blocked, id=4304, stack(0x0000000056a80000,0x0000000056b80000)]
  0x0000000055152000 JavaThread "Signal Dispatcher" daemon [_thread_blocked, id=7052, stack(0x00000000568b0000,0x00000000569b0000)]
  0x00000000550fa000 JavaThread "Finalizer" daemon [_thread_blocked, id=5736, stack(0x00000000562c0000,0x00000000563c0000)]
  0x00000000550f3000 JavaThread "Reference Handler" daemon [_thread_blocked, id=116, stack(0x0000000056070000,0x0000000056170000)]
  0x00000000025ff000 JavaThread "main" [_thread_blocked, id=6324, stack(0x00000000026e0000,0x00000000027e0000)]

Other Threads:
  0x00000000550ed800 VMThread [stack: 0x0000000056190000,0x0000000056290000] [id=7488]
  0x0000000056485800 WatcherThread [stack: 0x0000000057360000,0x0000000057460000] [id=5584]

VM state:not at safepoint (normal execution)

VM Mutex/Monitor currently owned by a thread: None

Heap:
 PSYoungGen      total 72704K, used 48705K [0x00000000eb200000, 0x00000000f0200000, 0x0000000100000000)
  eden space 65024K, 64% used [0x00000000eb200000,0x00000000edaebfe0,0x00000000ef180000)
  from space 7680K, 88% used [0x00000000ef980000,0x00000000f00247a8,0x00000000f0100000)
  to   space 8192K, 0% used [0x00000000ef180000,0x00000000ef180000,0x00000000ef980000)
 ParOldGen       total 44032K, used 15192K [0x00000000c1600000, 0x00000000c4100000, 0x00000000eb200000)
  object space 44032K, 34% used [0x00000000c1600000,0x00000000c24d63d8,0x00000000c4100000)
 Metaspace       used 15223K, capacity 15478K, committed 15872K, reserved 1062912K
  class space    used 1647K, capacity 1729K, committed 1792K, reserved 1048576K

Card table byte_map: [0x0000000011ba0000,0x0000000011da0000] byte_map_base: 0x0000000011595000

Marking Bits: (ParMarkBitMap*) 0x000000006e75a5b0
 Begin Bits: [0x0000000012610000, 0x00000000135b8000)
 End Bits:   [0x00000000135b8000, 0x0000000014560000)

Polling page: 0x0000000000120000

CodeCache: size=245760Kb used=8461Kb max_used=8473Kb free=237298Kb
 bounds [0x00000000027e0000, 0x0000000003030000, 0x00000000117e0000]
 total_blobs=2897 nmethods=2462 adapters=347
 compilation: enabled

Compilation events (10 events):
Event: 5.285 Thread 0x00000000563e3800 nmethod 2425 0x0000000002fc2a90 code [0x0000000002fc2c00, 0x0000000002fc2f30]
Event: 5.285 Thread 0x00000000563e3800 2426       3       java.util.LinkedList$Node::<init> (20 bytes)
Event: 5.285 Thread 0x00000000563e3800 nmethod 2426 0x0000000002fc3090 code [0x0000000002fc31e0, 0x0000000002fc33d0]
Event: 5.285 Thread 0x00000000563e3800 2427       3       java.util.LinkedList::add (7 bytes)
Event: 5.285 Thread 0x00000000563e3800 nmethod 2427 0x0000000002fc3490 code [0x0000000002fc3600, 0x0000000002fc3808]
Event: 5.290 Thread 0x00000000563e3800 2428       3       kevin.zhang.KeywordsandValue::<init> (15 bytes)
Event: 5.291 Thread 0x00000000563e3800 nmethod 2428 0x0000000002fc3890 code [0x0000000002fc39e0, 0x0000000002fc3bb0]
Event: 5.294 Thread 0x00000000563e3800 2429       3       java.util.regex.Pattern::split (290 bytes)
Event: 5.295 Thread 0x00000000563da800 2430       4       java.util.HashMap::get (23 bytes)
Event: 5.297 Thread 0x00000000563e3800 nmethod 2429 0x0000000002fc3c50 code [0x0000000002fc4160, 0x0000000002fc7978]

GC Heap History (10 events):
Event: 3.739 GC heap before
{Heap before GC invocations=4 (full 0):
 PSYoungGen      total 18944K, used 18936K [0x00000000eb200000, 0x00000000ec700000, 0x0000000100000000)
  eden space 16384K, 100% used [0x00000000eb200000,0x00000000ec200000,0x00000000ec200000)
  from space 2560K, 99% used [0x00000000ec200000,0x00000000ec47e0b0,0x00000000ec480000)
  to   space 2560K, 0% used [0x00000000ec480000,0x00000000ec480000,0x00000000ec700000)
 ParOldGen       total 44032K, used 9753K [0x00000000c1600000, 0x00000000c4100000, 0x00000000eb200000)
  object space 44032K, 22% used [0x00000000c1600000,0x00000000c1f866e0,0x00000000c4100000)
 Metaspace       used 13170K, capacity 13366K, committed 13696K, reserved 1060864K
  class space    used 1450K, capacity 1537K, committed 1664K, reserved 1048576K
Event: 3.785 GC heap after
Heap after GC invocations=4 (full 0):
 PSYoungGen      total 18944K, used 2547K [0x00000000eb200000, 0x00000000ed700000, 0x0000000100000000)
  eden space 16384K, 0% used [0x00000000eb200000,0x00000000eb200000,0x00000000ec200000)
  from space 2560K, 99% used [0x00000000ec480000,0x00000000ec6fce08,0x00000000ec700000)
  to   space 2560K, 0% used [0x00000000ec200000,0x00000000ec200000,0x00000000ec480000)
 ParOldGen       total 44032K, used 11332K [0x00000000c1600000, 0x00000000c4100000, 0x00000000eb200000)
  object space 44032K, 25% used [0x00000000c1600000,0x00000000c2111298,0x00000000c4100000)
 Metaspace       used 13170K, capacity 13366K, committed 13696K, reserved 1060864K
  class space    used 1450K, capacity 1537K, committed 1664K, reserved 1048576K
}
Event: 3.920 GC heap before
{Heap before GC invocations=5 (full 0):
 PSYoungGen      total 18944K, used 18931K [0x00000000eb200000, 0x00000000ed700000, 0x0000000100000000)
  eden space 16384K, 100% used [0x00000000eb200000,0x00000000ec200000,0x00000000ec200000)
  from space 2560K, 99% used [0x00000000ec480000,0x00000000ec6fce08,0x00000000ec700000)
  to   space 2560K, 0% used [0x00000000ec200000,0x00000000ec200000,0x00000000ec480000)
 ParOldGen       total 44032K, used 11332K [0x00000000c1600000, 0x00000000c4100000, 0x00000000eb200000)
  object space 44032K, 25% used [0x00000000c1600000,0x00000000c2111298,0x00000000c4100000)
 Metaspace       used 13270K, capacity 13494K, committed 13952K, reserved 1060864K
  class space    used 1456K, capacity 1537K, committed 1664K, reserved 1048576K
Event: 3.931 GC heap after
Heap after GC invocations=5 (full 0):
 PSYoungGen      total 18944K, used 2548K [0x00000000eb200000, 0x00000000ee200000, 0x0000000100000000)
  eden space 16384K, 0% used [0x00000000eb200000,0x00000000eb200000,0x00000000ec200000)
  from space 2560K, 99% used [0x00000000ec200000,0x00000000ec47d390,0x00000000ec480000)
  to   space 8192K, 0% used [0x00000000eda00000,0x00000000eda00000,0x00000000ee200000)
 ParOldGen       total 44032K, used 13235K [0x00000000c1600000, 0x00000000c4100000, 0x00000000eb200000)
  object space 44032K, 30% used [0x00000000c1600000,0x00000000c22ecdd8,0x00000000c4100000)
 Metaspace       used 13270K, capacity 13494K, committed 13952K, reserved 1060864K
  class space    used 1456K, capacity 1537K, committed 1664K, reserved 1048576K
}
Event: 3.999 GC heap before
{Heap before GC invocations=6 (full 0):
 PSYoungGen      total 18944K, used 18837K [0x00000000eb200000, 0x00000000ee200000, 0x0000000100000000)
  eden space 16384K, 99% used [0x00000000eb200000,0x00000000ec1e8088,0x00000000ec200000)
  from space 2560K, 99% used [0x00000000ec200000,0x00000000ec47d390,0x00000000ec480000)
  to   space 8192K, 0% used [0x00000000eda00000,0x00000000eda00000,0x00000000ee200000)
 ParOldGen       total 44032K, used 13235K [0x00000000c1600000, 0x00000000c4100000, 0x00000000eb200000)
  object space 44032K, 30% used [0x00000000c1600000,0x00000000c22ecdd8,0x00000000c4100000)
 Metaspace       used 13271K, capacity 13494K, committed 13952K, reserved 1060864K
  class space    used 1456K, capacity 1537K, committed 1664K, reserved 1048576K
Event: 4.010 GC heap after
Heap after GC invocations=6 (full 0):
 PSYoungGen      total 39936K, used 4360K [0x00000000eb200000, 0x00000000ee100000, 0x0000000100000000)
  eden space 32768K, 0% used [0x00000000eb200000,0x00000000eb200000,0x00000000ed200000)
  from space 7168K, 60% used [0x00000000eda00000,0x00000000ede423c8,0x00000000ee100000)
  to   space 7680K, 0% used [0x00000000ed200000,0x00000000ed200000,0x00000000ed980000)
 ParOldGen       total 44032K, used 13235K [0x00000000c1600000, 0x00000000c4100000, 0x00000000eb200000)
  object space 44032K, 30% used [0x00000000c1600000,0x00000000c22ecdd8,0x00000000c4100000)
 Metaspace       used 13271K, capacity 13494K, committed 13952K, reserved 1060864K
  class space    used 1456K, capacity 1537K, committed 1664K, reserved 1048576K
}
Event: 4.363 GC heap before
{Heap before GC invocations=7 (full 0):
 PSYoungGen      total 39936K, used 37118K [0x00000000eb200000, 0x00000000ee100000, 0x0000000100000000)
  eden space 32768K, 99% used [0x00000000eb200000,0x00000000ed1fd6b0,0x00000000ed200000)
  from space 7168K, 60% used [0x00000000eda00000,0x00000000ede423c8,0x00000000ee100000)
  to   space 7680K, 0% used [0x00000000ed200000,0x00000000ed200000,0x00000000ed980000)
 ParOldGen       total 44032K, used 13235K [0x00000000c1600000, 0x00000000c4100000, 0x00000000eb200000)
  object space 44032K, 30% used [0x00000000c1600000,0x00000000c22ecdd8,0x00000000c4100000)
 Metaspace       used 13379K, capacity 13622K, committed 13952K, reserved 1060864K
  class space    used 1457K, capacity 1537K, committed 1664K, reserved 1048576K
Event: 4.382 GC heap after
Heap after GC invocations=7 (full 0):
 PSYoungGen      total 40448K, used 4710K [0x00000000eb200000, 0x00000000f0100000, 0x0000000100000000)
  eden space 32768K, 0% used [0x00000000eb200000,0x00000000eb200000,0x00000000ed200000)
  from space 7680K, 61% used [0x00000000ed200000,0x00000000ed699ad0,0x00000000ed980000)
  to   space 7680K, 0% used [0x00000000ef980000,0x00000000ef980000,0x00000000f0100000)
 ParOldGen       total 44032K, used 14272K [0x00000000c1600000, 0x00000000c4100000, 0x00000000eb200000)
  object space 44032K, 32% used [0x00000000c1600000,0x00000000c23f00e0,0x00000000c4100000)
 Metaspace       used 13379K, capacity 13622K, committed 13952K, reserved 1060864K
  class space    used 1457K, capacity 1537K, committed 1664K, reserved 1048576K
}
Event: 4.805 GC heap before
{Heap before GC invocations=8 (full 0):
 PSYoungGen      total 40448K, used 37478K [0x00000000eb200000, 0x00000000f0100000, 0x0000000100000000)
  eden space 32768K, 100% used [0x00000000eb200000,0x00000000ed200000,0x00000000ed200000)
  from space 7680K, 61% used [0x00000000ed200000,0x00000000ed699ad0,0x00000000ed980000)
  to   space 7680K, 0% used [0x00000000ef980000,0x00000000ef980000,0x00000000f0100000)
 ParOldGen       total 44032K, used 14272K [0x00000000c1600000, 0x00000000c4100000, 0x00000000eb200000)
  object space 44032K, 32% used [0x00000000c1600000,0x00000000c23f00e0,0x00000000c4100000)
 Metaspace       used 13767K, capacity 13942K, committed 14208K, reserved 1062912K
  class space    used 1475K, capacity 1537K, committed 1664K, reserved 1048576K
Event: 4.838 GC heap after
Heap after GC invocations=8 (full 0):
 PSYoungGen      total 72704K, used 6801K [0x00000000eb200000, 0x00000000f0200000, 0x0000000100000000)
  eden space 65024K, 0% used [0x00000000eb200000,0x00000000eb200000,0x00000000ef180000)
  from space 7680K, 88% used [0x00000000ef980000,0x00000000f00247a8,0x00000000f0100000)
  to   space 8192K, 0% used [0x00000000ef180000,0x00000000ef180000,0x00000000ef980000)
 ParOldGen       total 44032K, used 15192K [0x00000000c1600000, 0x00000000c4100000, 0x00000000eb200000)
  object space 44032K, 34% used [0x00000000c1600000,0x00000000c24d63d8,0x00000000c4100000)
 Metaspace       used 13767K, capacity 13942K, committed 14208K, reserved 1062912K
  class space    used 1475K, capacity 1537K, committed 1664K, reserved 1048576K
}

Deoptimization events (10 events):
Event: 4.851 Thread 0x0000000058377000 Uncommon trap: reason=unstable_if action=reinterpret pc=0x0000000002d6f7f8 method=sun.nio.cs.ext.DoubleByte$Decoder.decode([BII[C)I @ 76
Event: 4.883 Thread 0x0000000058801000 Uncommon trap: reason=unstable_if action=reinterpret pc=0x0000000002e07bfc method=sun.nio.cs.ext.DoubleByte$Decoder.decodeArrayLoop(Ljava/nio/ByteBuffer;Ljava/nio/CharBuffer;)Ljava/nio/charset/CoderResult; @ 160
Event: 4.952 Thread 0x0000000058802800 Uncommon trap: reason=class_check action=maybe_recompile pc=0x0000000002b1f850 method=org.jsoup.parser.TreeBuilder.currentElement()Lorg/jsoup/nodes/Element; @ 22
Event: 4.955 Thread 0x0000000058802800 Uncommon trap: reason=class_check action=maybe_recompile pc=0x0000000002b1f850 method=org.jsoup.parser.TreeBuilder.currentElement()Lorg/jsoup/nodes/Element; @ 22
Event: 4.966 Thread 0x0000000058001800 Uncommon trap: reason=unstable_if action=reinterpret pc=0x0000000002b1fe34 method=java.util.HashMap.getNode(ILjava/lang/Object;)Ljava/util/HashMap$Node; @ 62
Event: 4.966 Thread 0x0000000058001800 Uncommon trap: reason=unstable_if action=reinterpret pc=0x0000000002b09be4 method=java.util.HashMap.getNode(ILjava/lang/Object;)Ljava/util/HashMap$Node; @ 62
Event: 4.970 Thread 0x0000000058802800 Uncommon trap: reason=class_check action=maybe_recompile pc=0x0000000002b1f850 method=org.jsoup.parser.TreeBuilder.currentElement()Lorg/jsoup/nodes/Element; @ 22
Event: 4.971 Thread 0x0000000058802800 Uncommon trap: reason=class_check action=maybe_recompile pc=0x0000000002b1f850 method=org.jsoup.parser.TreeBuilder.currentElement()Lorg/jsoup/nodes/Element; @ 22
Event: 4.977 Thread 0x0000000058001800 Uncommon trap: reason=unstable_if action=reinterpret pc=0x0000000002b05474 method=java.util.HashMap.putVal(ILjava/lang/Object;Ljava/lang/Object;ZZ)Ljava/lang/Object; @ 206
Event: 5.166 Thread 0x0000000058963800 Uncommon trap: reason=unstable_if action=reinterpret pc=0x0000000002ae24d8 method=sun.nio.cs.UTF_8$Encoder.encode([CII[B)I @ 95

Internal exceptions (10 events):
Event: 5.206 Thread 0x00000000610fe000 Exception <a 'java/lang/NullPointerException'> (0x00000000ece1f558) thrown at [C:\re\workspace\8-2-build-windows-amd64-cygwin\jdk8u60\4407\hotspot\src\share\vm\interpreter\linkResolver.cpp, line 1178]
Event: 5.209 Thread 0x0000000058519800 Exception <a 'java/lang/NullPointerException'> (0x00000000ecf2aba8) thrown at [C:\re\workspace\8-2-build-windows-amd64-cygwin\jdk8u60\4407\hotspot\src\share\vm\interpreter\linkResolver.cpp, line 1178]
Event: 5.210 Thread 0x00000000584cc000 Exception <a 'java/lang/NullPointerException'> (0x00000000ece2ed18) thrown at [C:\re\workspace\8-2-build-windows-amd64-cygwin\jdk8u60\4407\hotspot\src\share\vm\interpreter\linkResolver.cpp, line 1178]
Event: 5.211 Thread 0x0000000058960800 Exception <a 'java/lang/NullPointerException'> (0x00000000ece7b768) thrown at [C:\re\workspace\8-2-build-windows-amd64-cygwin\jdk8u60\4407\hotspot\src\share\vm\interpreter\linkResolver.cpp, line 1178]
Event: 5.211 Thread 0x00000000584d2000 Exception <a 'java/lang/NullPointerException'> (0x00000000ece4f678) thrown at [C:\re\workspace\8-2-build-windows-amd64-cygwin\jdk8u60\4407\hotspot\src\share\vm\interpreter\linkResolver.cpp, line 1178]
Event: 5.211 Thread 0x0000000058374000 Exception <a 'java/lang/NullPointerException'> (0x00000000eceb3d00) thrown at [C:\re\workspace\8-2-build-windows-amd64-cygwin\jdk8u60\4407\hotspot\src\share\vm\interpreter\linkResolver.cpp, line 1178]
Event: 5.213 Thread 0x0000000057ae6000 Exception <a 'java/lang/NullPointerException'> (0x00000000eb516830) thrown at [C:\re\workspace\8-2-build-windows-amd64-cygwin\jdk8u60\4407\hotspot\src\share\vm\interpreter\linkResolver.cpp, line 1178]
Event: 5.213 Thread 0x0000000058002800 Exception <a 'java/lang/NullPointerException'> (0x00000000eb7b0b50) thrown at [C:\re\workspace\8-2-build-windows-amd64-cygwin\jdk8u60\4407\hotspot\src\share\vm\interpreter\linkResolver.cpp, line 1178]
Event: 5.213 Thread 0x0000000058966800 Exception <a 'java/lang/NullPointerException'> (0x00000000eb52d130) thrown at [C:\re\workspace\8-2-build-windows-amd64-cygwin\jdk8u60\4407\hotspot\src\share\vm\interpreter\linkResolver.cpp, line 1178]
Event: 5.214 Thread 0x0000000058801000 Exception <a 'java/lang/NullPointerException'> (0x00000000eb733378) thrown at [C:\re\workspace\8-2-build-windows-amd64-cygwin\jdk8u60\4407\hotspot\src\share\vm\interpreter\linkResolver.cpp, line 1178]

Events (10 events):
Event: 5.229 loading class kevin/zhang/CityTraffic done
Event: 5.230 Thread 0x0000000057ba2800 Thread exited: 0x0000000057ba2800
Event: 5.232 Thread 0x000000005851b000 Thread exited: 0x000000005851b000
Event: 5.234 loading class kevin/zhang/CityManageLevel
Event: 5.234 loading class kevin/zhang/CityManageLevel done
Event: 5.275 loading class java/text/NumberFormat$Field
Event: 5.275 loading class java/text/NumberFormat$Field done
Event: 5.276 Thread 0x00000000610fe000 Thread exited: 0x00000000610fe000
Event: 5.284 Thread 0x00000000589cf000 DEOPT PACKING pc=0x000000000295c3e5 sp=0x00000000635ad700
Event: 5.284 Thread 0x00000000589cf000 DEOPT UNPACKING pc=0x000000000282787f sp=0x00000000635ad580 mode 0


Dynamic libraries:
0x000000013f530000 - 0x000000013f567000 	D:\Program Files\Java\jre1.8.0_60\bin\javaw.exe
0x0000000077a50000 - 0x0000000077bfa000 	C:\Windows\SYSTEM32\ntdll.dll
0x0000000077830000 - 0x000000007794f000 	C:\Windows\system32\kernel32.dll
0x000007fefd7b0000 - 0x000007fefd81a000 	C:\Windows\system32\KERNELBASE.dll
0x000007fefe050000 - 0x000007fefe12b000 	C:\Windows\system32\ADVAPI32.dll
0x000007feff540000 - 0x000007feff5df000 	C:\Windows\system32\msvcrt.dll
0x000007feff3b0000 - 0x000007feff3cf000 	C:\Windows\SYSTEM32\sechost.dll
0x000007feff750000 - 0x000007feff87d000 	C:\Windows\system32\RPCRT4.dll
0x0000000077950000 - 0x0000000077a4a000 	C:\Windows\system32\USER32.dll
0x000007feffae0000 - 0x000007feffb47000 	C:\Windows\system32\GDI32.dll
0x000007fefeec0000 - 0x000007fefeece000 	C:\Windows\system32\LPK.dll
0x000007feff3d0000 - 0x000007feff49a000 	C:\Windows\system32\USP10.dll
0x000007fefc060000 - 0x000007fefc254000 	C:\Windows\WinSxS\amd64_microsoft.windows.common-controls_6595b64144ccf1df_6.0.7601.18837_none_fa3b1e3d17594757\COMCTL32.dll
0x000007feff330000 - 0x000007feff3a1000 	C:\Windows\system32\SHLWAPI.dll
0x000007feff6d0000 - 0x000007feff6fe000 	C:\Windows\system32\IMM32.DLL
0x000007fefeef0000 - 0x000007fefeff9000 	C:\Windows\system32\MSCTF.dll
0x0000000060da0000 - 0x0000000060e72000 	D:\Program Files\Java\jre1.8.0_60\bin\msvcr100.dll
0x000000006df50000 - 0x000000006e7d9000 	D:\Program Files\Java\jre1.8.0_60\bin\server\jvm.dll
0x000007fefa3f0000 - 0x000007fefa3f9000 	C:\Windows\system32\WSOCK32.dll
0x000007feff700000 - 0x000007feff74d000 	C:\Windows\system32\WS2_32.dll
0x000007feff6c0000 - 0x000007feff6c8000 	C:\Windows\system32\NSI.dll
0x000007fefac80000 - 0x000007fefacbb000 	C:\Windows\system32\WINMM.dll
0x000007fefc880000 - 0x000007fefc88c000 	C:\Windows\system32\VERSION.dll
0x0000000077c10000 - 0x0000000077c17000 	C:\Windows\system32\PSAPI.DLL
0x0000000075030000 - 0x000000007503f000 	D:\Program Files\Java\jre1.8.0_60\bin\verify.dll
0x000000006ef60000 - 0x000000006ef89000 	D:\Program Files\Java\jre1.8.0_60\bin\java.dll
0x0000000070440000 - 0x0000000070456000 	D:\Program Files\Java\jre1.8.0_60\bin\zip.dll
0x000007fefe130000 - 0x000007fefeeb9000 	C:\Windows\system32\SHELL32.dll
0x000007feffb50000 - 0x000007feffd53000 	C:\Windows\system32\ole32.dll
0x000007fefd790000 - 0x000007fefd79f000 	C:\Windows\system32\profapi.dll
0x0000000070680000 - 0x000000007069a000 	D:\Program Files\Java\jre1.8.0_60\bin\net.dll
0x000007fefcf30000 - 0x000007fefcf85000 	C:\Windows\system32\mswsock.dll
0x000007fefcf20000 - 0x000007fefcf27000 	C:\Windows\System32\wship6.dll
0x000000006ef40000 - 0x000000006ef51000 	D:\Program Files\Java\jre1.8.0_60\bin\nio.dll
0x0000000070430000 - 0x000000007043d000 	D:\Program Files\Java\jre1.8.0_60\bin\management.dll
0x00000000636f0000 - 0x0000000063714000 	D:\Program Files\Java\jre1.8.0_60\bin\sunec.dll
0x000007fefcf90000 - 0x000007fefcfa8000 	C:\Windows\system32\CRYPTSP.dll
0x000007fefcc90000 - 0x000007fefccd7000 	C:\Windows\system32\rsaenh.dll
0x000007fefdb30000 - 0x000007fefdb4e000 	C:\Windows\system32\USERENV.dll
0x000007fefd5f0000 - 0x000007fefd5ff000 	C:\Windows\system32\CRYPTBASE.dll
0x000007fefb390000 - 0x000007fefb3b7000 	C:\Windows\system32\IPHLPAPI.DLL
0x000007fefb380000 - 0x000007fefb38b000 	C:\Windows\system32\WINNSI.DLL
0x000007fefb130000 - 0x000007fefb141000 	C:\Windows\system32\dhcpcsvc6.DLL
0x000007fefb110000 - 0x000007fefb128000 	C:\Windows\system32\dhcpcsvc.DLL
0x000007fefc950000 - 0x000007fefc957000 	C:\Windows\System32\wshtcpip.dll
0x000007fefcdb0000 - 0x000007fefce0b000 	C:\Windows\system32\DNSAPI.dll
0x000007fef7bb0000 - 0x000007fef7bb8000 	C:\Windows\system32\rasadhlp.dll
0x000007fefb0b0000 - 0x000007fefb103000 	C:\Windows\System32\fwpuclnt.dll
0x0000000060e80000 - 0x0000000061018000 	D:\Program Files\Java\jre1.8.0_60\bin\awt.dll
0x000007feff5e0000 - 0x000007feff6b8000 	C:\Windows\system32\OLEAUT32.dll
0x0000000180000000 - 0x0000000180038000 	C:\Users\Administrator\AppData\Local\Temp\jna\jna3255951619634363714.dll
0x000007feee9a0000 - 0x000007feeebee000 	F:\JavaCodes\GoverSpider\NLPIR.dll
0x000007fefb400000 - 0x000007fefb471000 	C:\Windows\system32\WINSPOOL.DRV
0x000007feff4a0000 - 0x000007feff537000 	C:\Windows\system32\COMDLG32.dll
0x000007fef8270000 - 0x000007fef8277000 	C:\Windows\system32\MSIMG32.dll
0x000007fef8280000 - 0x000007fef82d4000 	C:\Windows\system32\OLEACC.dll
0x000007fefbb90000 - 0x000007fefbda6000 	C:\Windows\WinSxS\amd64_microsoft.windows.gdiplus_6595b64144ccf1df_1.1.7601.23508_none_145555328b95eaaa\gdiplus.dll
0x000007fefbdb0000 - 0x000007fefbe06000 	C:\Windows\system32\UxTheme.dll
0x000007fefb9a0000 - 0x000007fefb9b8000 	C:\Windows\system32\dwmapi.dll
0x000000005c1d0000 - 0x000000005c410000 	F:\JavaCodes\GoverSpider\NLPIR_JNI.dll
0x000007fef27e0000 - 0x000007fef2905000 	C:\Windows\system32\dbghelp.dll

VM Arguments:
jvm_args: -Dfile.encoding=UTF-8 
java_command: test.TestAllMessage
java_class_path (initial): F:\JavaCodes\GoverSpider\bin;D:\7-智库项目组\WebCollector相关例子\SinaWeiboSpider\lib\cglib-nodep-2.1_3.jar;D:\7-智库项目组\WebCollector相关例子\SinaWeiboSpider\lib\commons-codec-1.9.jar;D:\7-智库项目组\WebCollector相关例子\SinaWeiboSpider\lib\commons-collections-3.2.1.jar;D:\7-智库项目组\WebCollector相关例子\SinaWeiboSpider\lib\commons-exec-1.1.jar;D:\7-智库项目组\WebCollector相关例子\SinaWeiboSpider\lib\commons-io-2.4.jar;D:\7-智库项目组\WebCollector相关例子\SinaWeiboSpider\lib\commons-lang3-3.3.2.jar;D:\7-智库项目组\WebCollector相关例子\SinaWeiboSpider\lib\commons-logging-1.1.3.jar;D:\7-智库项目组\WebCollector相关例子\SinaWeiboSpider\lib\cssparser-0.9.14.jar;D:\7-智库项目组\WebCollector相关例子\SinaWeiboSpider\lib\gson-2.3.jar;D:\7-智库项目组\WebCollector相关例子\SinaWeiboSpider\lib\guava-18.0.jar;D:\7-智库项目组\WebCollector相关例子\SinaWeiboSpider\lib\hamcrest-core-1.3.jar;D:\7-智库项目组\WebCollector相关例子\SinaWeiboSpider\lib\htmlunit-2.15.jar;D:\7-智库项目组\WebCollector相关例子\SinaWeiboSpider\lib\htmlunit-core-js-2.15.jar;D:\7-智库项目组\WebCollector相关例子\SinaWeiboSpider\lib\httpclient-4.3.4.jar;D:\7-智库项目组\WebCollector相关例子\SinaWeiboSpider\lib\httpcore-4.3.2.jar;D:\7-智库项目组\WebCollector相关例子\SinaWeiboSpider\lib\httpmime-4.3.3.jar;D:\7-智库项目组\WebCollector相关例子\SinaWeiboSpider\lib\ImageSpider-1.0.jar;D:\7-智库项目组\WebCollector相关例子\SinaWeiboSpider\lib\je-5.0.73.jar;D:\7-智库项目组\WebCollector相关例子\SinaWeiboSpider\lib\jetty-http-8.1.15.v20140411.jar;D:\7-智库项目组\WebCollector相关例子\SinaWeiboSpider\lib\jetty-io-8.1.15.v20140411.jar;D:\7-智库项目组\WebCollector相关例子\SinaWeiboSpider\lib\jetty-util-8.1.15.v20140411.jar;D:\7-智库项目组\WebCollector相关例子\SinaWeiboSpider\lib\jetty-websocket-8.1.15.v20140411.jar;D:\7-智库项目组\WebCollector相关例子\SinaWeiboSpider\lib\jna-3.4.0.jar;D:\7-智库项目组\WebCollector相关例子\SinaWeiboSpider\lib\json-20140107.jar;D:\7-智库项目组\WebCollector相关例子\Si
Launcher Type: SUN_STANDARD

Environment Variables:
CLASSPATH=.;D:\Program Files\Java\jdk1.8.0_60\lib;D:\Program Files\Java\jdk1.8.0_60\lib\tools.jar
PATH=D:/Program Files/Java/jre1.8.0_60/bin/server;D:/Program Files/Java/jre1.8.0_60/bin;D:/Program Files/Java/jre1.8.0_60/lib/amd64;C:\ProgramData\Oracle\Java\javapath;C:\Windows\system32;C:\Windows;C:\Windows\System32\Wbem;C:\Windows\System32\WindowsPowerShell\v1.0\;D:\Program Files\Java\jdk1.8.0_60\bin;D:\Program Files\Java\jdk1.8.0_60\jre\bin;C:\Program Files (x86)\Microsoft SQL Server\100\Tools\Binn\;C:\Program Files\Microsoft SQL Server\100\Tools\Binn\;C:\Program Files\Microsoft SQL Server\100\DTS\Binn\;D:\软件\Java EE\eclipse;
USERNAME=Administrator
OS=Windows_NT
PROCESSOR_IDENTIFIER=Intel64 Family 6 Model 42 Stepping 7, GenuineIntel



---------------  S Y S T E M  ---------------

OS: Windows 7 , 64 bit Build 7601 (6.1.7601.23418)

CPU:total 4 (2 cores per cpu, 2 threads per core) family 6 model 42 stepping 7, cmov, cx8, fxsr, mmx, sse, sse2, sse3, ssse3, sse4.1, sse4.2, popcnt, avx, clmul, ht, tsc, tscinvbit

Memory: 4k page, physical 4096884k(1017016k free), swap 8191908k(4040584k free)

vm_info: Java HotSpot(TM) 64-Bit Server VM (25.60-b23) for windows-amd64 JRE (1.8.0_60-b27), built on Aug  4 2015 11:06:27 by "java_re" with MS VC++ 10.0 (VS2010)

time: Wed Sep 28 23:38:28 2016
elapsed time: 5 seconds (0d 0h 0m 5s)

